[2020-12-08T07:12:07.025Z]     Checking tikv v4.1.0-alpha (/home/jenkins/agent/tikv-master/build)
[2020-12-08T07:12:45.710Z]     Checking test_raftstore v0.0.1 (/home/jenkins/agent/tikv-master/build/components/test_raftstore)
[2020-12-08T07:12:45.710Z]     Checking cdc v0.0.1 (/home/jenkins/agent/tikv-master/build/components/cdc)
[2020-12-08T07:12:45.710Z]     Checking backup v0.0.1 (/home/jenkins/agent/tikv-master/build/components/backup)
[2020-12-08T07:12:45.710Z]     Checking test_storage v0.0.1 (/home/jenkins/agent/tikv-master/build/components/test_storage)
[2020-12-08T07:12:45.710Z] error: redundant clone
[2020-12-08T07:12:45.710Z]    --> src/storage/txn/actions/prewrite.rs:589:66
[2020-12-08T07:12:45.710Z]     |
[2020-12-08T07:12:45.710Z] 589 |         let mut txn = MvccTxn::new(snapshot, 44.into(), false, cm.clone());
[2020-12-08T07:12:45.710Z]     |                                                                  ^^^^^^^^ help: remove this
[2020-12-08T07:12:45.710Z]     |
[2020-12-08T07:12:45.710Z]     = note: `-D clippy::redundant-clone` implied by `-D warnings`
[2020-12-08T07:12:45.710Z] note: this value is dropped without further use
[2020-12-08T07:12:45.710Z]    --> src/storage/txn/actions/prewrite.rs:589:64
[2020-12-08T07:12:45.710Z]     |
[2020-12-08T07:12:45.710Z] 589 |         let mut txn = MvccTxn::new(snapshot, 44.into(), false, cm.clone());
[2020-12-08T07:12:45.710Z]     |                                                                ^^
[2020-12-08T07:12:45.710Z]     = help: for further information visit https://rust-lang.github.io/rust-clippy/master/index.html#redundant_clone
[2020-12-08T07:12:45.710Z]
[2020-12-08T07:12:45.710Z]     Checking test_coprocessor v0.0.1 (/home/jenkins/agent/tikv-master/build/components/test_coprocessor)
[2020-12-08T07:12:46.639Z]     Checking tests v0.0.1 (/home/jenkins/agent/tikv-master/build/tests)
[2020-12-08T07:12:46.895Z] error: aborting due to previous error
[2020-12-08T07:12:46.895Z]
[2020-12-08T07:12:46.895Z] error: could not compile `tikv`
[2020-12-08T07:12:46.895Z]
[2020-12-08T07:12:46.895Z] To learn more, run the command again with --verbose.
[2020-12-08T07:12:46.895Z] warning: build failed, waiting for other jobs to finish...
[2020-12-08T07:12:59.075Z] error: build failed
[2020-12-08T07:12:59.075Z] make[1]: *** [run] Error 101
[2020-12-08T07:12:59.075Z] make[1]: Leaving directory `/home/jenkins/agent/tikv-master/build'
[2020-12-08T07:12:59.075Z] make: *** [clippy] Error 2
[2020-12-08T07:12:59.075Z] + echo Please fix the clippy error
[2020-12-08T07:12:59.075Z] Please fix the clippy error
[2020-12-08T07:12:59.075Z] + exit 1
script returned exit code 1